<?xml version="1.0" encoding="UTF-8"?>
<testsuite xmlns:xsi="http://www.w3.org/2001/XMLSchema-instance" xsi:noNamespaceSchemaLocation="https://maven.apache.org/surefire/maven-surefire-plugin/xsd/surefire-test-report-3.0.xsd" version="3.0" name="org.loose.fis.sre.services.PropertyServiceTest" time="0.294" tests="4" errors="0" skipped="0" failures="0">
  <properties>
[...]
</properties>
  <testcase name="testBadReview" classname="org.loose.fis.sre.services.PropertyServiceTest" time="0.075">
    <system-out><![CDATA[Before Class
After each
]]></system-out>
  </testcase>
  <testcase name="testAddReviewToNonExistentProperty" classname="org.loose.fis.sre.services.PropertyServiceTest" time="0.065">
    <system-out><![CDATA[After each
]]></system-out>
  </testcase>
  <testcase name="testDatabaseIsInitializedAndNoUserIsPersisted" classname="org.loose.fis.sre.services.PropertyServiceTest" time="0.065">
    <system-out><![CDATA[After each
]]></system-out>
  </testcase>
  <testcase name="testAddReview" classname="org.loose.fis.sre.services.PropertyServiceTest" time="0.086">
    <system-out><![CDATA[After each
]]></system-out>
  </testcase>
</testsuite>